\BOOKMARK [1][-]{section.1}{\376\377\000M\000o\000t\000i\000v\000a\000t\000o\000r\000s}{}% 1
\BOOKMARK [2][-]{subsection.1.1}{\376\377\000T\000h\000e\000\040\000G\000e\000n\000e\000r\000a\000t\000i\000v\000e\000\040\000A\000I\000\040\000E\000x\000p\000l\000o\000s\000i\000o\000n}{section.1}% 2
\BOOKMARK [2][-]{subsection.1.2}{\376\377\000A\000\040\000L\000o\000o\000k\000\040\000a\000t\000\040\000t\000h\000e\000\040\000S\000O\000T\000A}{section.1}% 3
\BOOKMARK [2][-]{subsection.1.3}{\376\377\000T\000h\000e\000\040\000N\000e\000e\000d\000\040\000t\000o\000\040\000P\000r\000e\000s\000e\000r\000v\000e\000\040\000H\000u\000m\000a\000n\000\040\000C\000r\000e\000a\000t\000i\000v\000i\000t\000y}{section.1}% 4
\BOOKMARK [1][-]{section.2}{\376\377\000B\000a\000c\000k\000g\000r\000o\000u\000n\000d}{}% 5
\BOOKMARK [2][-]{subsection.2.1}{\376\377\000R\000e\000l\000a\000t\000e\000d\000\040\000s\000y\000s\000t\000e\000m\000s}{section.2}% 6
\BOOKMARK [2][-]{subsection.2.2}{\376\377\000I\000s\000s\000u\000e\000s\000\040\000w\000i\000t\000h\000\040\000D\000i\000r\000e\000c\000t\000\040\000D\000e\000t\000e\000c\000t\000i\000o\000n}{section.2}% 7
\BOOKMARK [1][-]{section.3}{\376\377\000O\000b\000j\000e\000c\000t\000i\000v\000e\000s\000\040\000\046\000\040\000D\000e\000s\000i\000g\000n}{}% 8
\BOOKMARK [2][-]{subsection.3.1}{\376\377\000I\000n\000i\000t\000i\000a\000l\000\040\000D\000e\000s\000i\000g\000n\000\040\000I\000d\000e\000a\000s}{section.3}% 9
\BOOKMARK [3][-]{subsubsection.3.1.1}{\376\377\000I\000s\000s\000u\000e\000s}{subsection.3.1}% 10
\BOOKMARK [2][-]{subsection.3.2}{\376\377\000F\000i\000n\000a\000l\000\040\000D\000e\000s\000i\000g\000n}{section.3}% 11
\BOOKMARK [3][-]{subsubsection.3.2.1}{\376\377\000A\000d\000v\000a\000n\000t\000a\000g\000e\000s}{subsection.3.2}% 12
\BOOKMARK [2][-]{subsection.3.3}{\376\377\000F\000i\000x\000e\000d\000\040\000o\000b\000j\000e\000c\000t\000i\000v\000e\000s}{section.3}% 13
\BOOKMARK [3][-]{subsubsection.3.3.1}{\376\377\000F\000u\000n\000c\000t\000i\000o\000n\000a\000l\000\040\000o\000b\000j\000e\000c\000t\000i\000v\000e\000s}{subsection.3.3}% 14
\BOOKMARK [3][-]{subsubsection.3.3.2}{\376\377\000N\000o\000n\000f\000u\000n\000c\000t\000i\000o\000n\000a\000l\000\040\000o\000b\000j\000e\000c\000t\000i\000v\000e\000s}{subsection.3.3}% 15
\BOOKMARK [2][-]{subsection.3.4}{\376\377\000F\000l\000e\000x\000i\000b\000l\000e\000\040\000o\000b\000j\000e\000c\000t\000i\000v\000e\000s}{section.3}% 16
\BOOKMARK [2][-]{subsection.3.5}{\376\377\000A\000v\000o\000i\000d\000a\000b\000l\000e\000\040\000o\000b\000j\000e\000c\000t\000i\000v\000e\000s}{section.3}% 17
\BOOKMARK [1][-]{section.4}{\376\377\000F\000u\000n\000c\000t\000i\000o\000n\000a\000l\000i\000t\000y}{}% 18
\BOOKMARK [2][-]{subsection.4.1}{\376\377\000W\000e\000b\000\040\000A\000p\000p}{section.4}% 19
\BOOKMARK [3][-]{subsubsection.4.1.1}{\376\377\000H\000o\000m\000e\000p\000a\000g\000e}{subsection.4.1}% 20
\BOOKMARK [3][-]{subsubsection.4.1.2}{\376\377\000C\000r\000e\000a\000t\000i\000o\000n\000s}{subsection.4.1}% 21
\BOOKMARK [3][-]{subsubsection.4.1.3}{\376\377\000M\000a\000r\000k\000e\000t\000p\000l\000a\000c\000e}{subsection.4.1}% 22
\BOOKMARK [2][-]{subsection.4.2}{\376\377\000B\000l\000o\000c\000k\000c\000h\000a\000i\000n\000\040\000I\000n\000t\000e\000r\000f\000a\000c\000e}{section.4}% 23
\BOOKMARK [2][-]{subsection.4.3}{\376\377\000C\000o\000m\000m\000a\000n\000d\000\040\000L\000i\000n\000e\000\040\000I\000n\000t\000e\000r\000f\000a\000c\000e}{section.4}% 24
\BOOKMARK [1][-]{section.5}{\376\377\000I\000m\000p\000l\000e\000m\000e\000n\000t\000a\000t\000i\000o\000n}{}% 25
\BOOKMARK [2][-]{subsection.5.1}{\376\377\000A\000r\000c\000h\000i\000t\000e\000c\000t\000u\000r\000e}{section.5}% 26
\BOOKMARK [2][-]{subsection.5.2}{\376\377\000W\000e\000b\000\040\000A\000p\000p}{section.5}% 27
\BOOKMARK [3][-]{subsubsection.5.2.1}{\376\377\000T\000e\000c\000h\000\040\000S\000t\000a\000c\000k}{subsection.5.2}% 28
\BOOKMARK [3][-]{subsubsection.5.2.2}{\376\377\000G\000e\000n\000e\000r\000a\000l\000\040\000S\000t\000r\000u\000c\000t\000u\000r\000e}{subsection.5.2}% 29
\BOOKMARK [3][-]{subsubsection.5.2.3}{\376\377\000U\000I\000/\000U\000X}{subsection.5.2}% 30
\BOOKMARK [3][-]{subsubsection.5.2.4}{\376\377\000A\000u\000t\000h\000e\000n\000t\000i\000c\000a\000t\000i\000o\000n}{subsection.5.2}% 31
\BOOKMARK [3][-]{subsubsection.5.2.5}{\376\377\000R\000e\000a\000c\000t\000i\000v\000i\000t\000y\000\040\000\046\000\040\000U\000p\000d\000a\000t\000e\000s}{subsection.5.2}% 32
\BOOKMARK [3][-]{subsubsection.5.2.6}{\376\377\000A\000c\000c\000e\000s\000s\000i\000b\000i\000l\000i\000t\000y}{subsection.5.2}% 33
\BOOKMARK [2][-]{subsection.5.3}{\376\377\000M\000a\000c\000h\000i\000n\000e\000\040\000L\000e\000a\000r\000n\000i\000n\000g\000\040\000M\000i\000c\000r\000o\000s\000e\000r\000v\000i\000c\000e}{section.5}% 34
\BOOKMARK [3][-]{subsubsection.5.3.1}{\376\377\000T\000e\000c\000h\000\040\000S\000t\000a\000c\000k}{subsection.5.3}% 35
\BOOKMARK [3][-]{subsubsection.5.3.2}{\376\377\000F\000i\000r\000e\000b\000a\000s\000e\000\040\000S\000t\000o\000r\000a\000g\000e}{subsection.5.3}% 36
\BOOKMARK [3][-]{subsubsection.5.3.3}{\376\377\000D\000a\000t\000a\000\040\000F\000l\000o\000w}{subsection.5.3}% 37
\BOOKMARK [3][-]{subsubsection.5.3.4}{\376\377\000S\000i\000m\000i\000l\000a\000r\000i\000t\000y\000\040\000C\000o\000m\000p\000u\000t\000a\000t\000i\000o\000n}{subsection.5.3}% 38
\BOOKMARK [2][-]{subsection.5.4}{\376\377\000B\000l\000o\000c\000k\000c\000h\000a\000i\000n\000\040\000I\000n\000t\000e\000r\000f\000a\000c\000e}{section.5}% 39
\BOOKMARK [3][-]{subsubsection.5.4.1}{\376\377\000T\000e\000c\000h\000\040\000S\000t\000a\000c\000k}{subsection.5.4}% 40
\BOOKMARK [3][-]{subsubsection.5.4.2}{\376\377\000S\000m\000a\000r\000t\000\040\000C\000o\000n\000t\000r\000a\000c\000t\000\040\000D\000e\000v\000e\000l\000o\000p\000m\000e\000n\000t}{subsection.5.4}% 41
\BOOKMARK [3][-]{subsubsection.5.4.3}{\376\377\000C\000o\000m\000m\000u\000n\000i\000c\000a\000t\000i\000o\000n\000\040\000S\000e\000t\000u\000p}{subsection.5.4}% 42
\BOOKMARK [3][-]{subsubsection.5.4.4}{\376\377\000P\000e\000r\000f\000o\000r\000m\000i\000n\000g\000\040\000T\000r\000a\000n\000s\000a\000c\000t\000i\000o\000n\000s}{subsection.5.4}% 43
\BOOKMARK [2][-]{subsection.5.5}{\376\377\000C\000o\000m\000m\000a\000n\000d\000\040\000L\000i\000n\000e\000\040\000I\000n\000t\000e\000r\000f\000a\000c\000e}{section.5}% 44
\BOOKMARK [3][-]{subsubsection.5.5.1}{\376\377\000T\000o\000o\000l\000s\000\040\000U\000s\000e\000d}{subsection.5.5}% 45
\BOOKMARK [3][-]{subsubsection.5.5.2}{\376\377\000A\000u\000t\000h\000e\000n\000t\000i\000c\000a\000t\000i\000o\000n}{subsection.5.5}% 46
\BOOKMARK [3][-]{subsubsection.5.5.3}{\376\377\000F\000i\000r\000e\000b\000a\000s\000e\000\040\000R\000E\000S\000T\000\040\000A\000P\000I}{subsection.5.5}% 47
\BOOKMARK [1][-]{section.6}{\376\377\000T\000e\000s\000t\000i\000n\000g\000,\000\040\000P\000e\000r\000f\000o\000r\000m\000a\000n\000c\000e\000\040\000\046\000\040\000D\000e\000p\000l\000o\000y\000m\000e\000n\000t}{}% 48
\BOOKMARK [2][-]{subsection.6.1}{\376\377\000P\000l\000a\000y\000w\000r\000i\000g\000h\000t}{section.6}% 49
\BOOKMARK [2][-]{subsection.6.2}{\376\377\000P\000o\000s\000t\000m\000a\000n}{section.6}% 50
\BOOKMARK [2][-]{subsection.6.3}{\376\377\000L\000i\000g\000h\000t\000h\000o\000u\000s\000e}{section.6}% 51
\BOOKMARK [2][-]{subsection.6.4}{\376\377\000E\000t\000h\000e\000r\000s\000c\000a\000n}{section.6}% 52
\BOOKMARK [1][-]{section.7}{\376\377\000C\000o\000n\000c\000l\000u\000s\000i\000o\000n\000s}{}% 53
\BOOKMARK [2][-]{subsection.7.1}{\376\377\000L\000i\000m\000i\000t\000a\000t\000i\000o\000n\000s}{section.7}% 54
\BOOKMARK [2][-]{subsection.7.2}{\376\377\000F\000u\000t\000u\000r\000e\000\040\000D\000e\000v\000e\000l\000o\000p\000m\000e\000n\000t}{section.7}% 55
\BOOKMARK [2][-]{subsection.7.3}{\376\377\000C\000o\000n\000t\000r\000i\000b\000u\000t\000i\000o\000n\000s}{section.7}% 56
\BOOKMARK [1][-]{section.8}{\376\377\000P\000r\000o\000j\000e\000c\000t\000\040\000M\000a\000n\000a\000g\000e\000m\000e\000n\000t}{}% 57
\BOOKMARK [2][-]{subsection.8.1}{\376\377\000D\000e\000v\000e\000l\000o\000p\000m\000e\000n\000t\000\040\000M\000e\000t\000h\000o\000d\000o\000l\000o\000g\000y}{section.8}% 58
\BOOKMARK [2][-]{subsection.8.2}{\376\377\000T\000o\000o\000l\000s}{section.8}% 59
\BOOKMARK [2][-]{subsection.8.3}{\376\377\000E\000t\000h\000i\000c\000s\000,\000\040\000S\000o\000c\000i\000a\000l\000\040\000I\000s\000s\000u\000e\000s\000\040\000\046\000\040\000L\000a\000w}{section.8}% 60
\BOOKMARK [3][-]{subsubsection.8.3.1}{\376\377\000D\000a\000t\000a\000\040\000C\000o\000l\000l\000e\000c\000t\000i\000o\000n\000\040\000\046\000\040\000T\000r\000a\000n\000s\000f\000e\000r}{subsection.8.3}% 61
\BOOKMARK [3][-]{subsubsection.8.3.2}{\376\377\000A\000r\000t\000i\000s\000t\000i\000c\000\040\000V\000a\000l\000u\000e}{subsection.8.3}% 62
\BOOKMARK [2][-]{subsection.8.4}{\376\377\000P\000r\000o\000j\000e\000c\000t\000\040\000E\000v\000o\000l\000u\000t\000i\000o\000n}{section.8}% 63
\BOOKMARK [2][-]{subsection.8.5}{\376\377\000P\000r\000o\000g\000r\000e\000s\000s\000\040\000a\000g\000a\000i\000n\000s\000t\000\040\000O\000r\000i\000g\000i\000n\000a\000l\000\040\000O\000b\000j\000e\000c\000t\000i\000v\000e\000s}{section.8}% 64
